<?xml version="1.0" encoding="UTF-8"?>
<testng-results ignored="0" total="3" passed="3" failed="0" skipped="0">
  <reporter-output>
  </reporter-output>
  <suite started-at="2022-05-05T22:42:15 AST" name="Parallel" finished-at="2022-05-05T22:43:12 AST" duration-ms="56739">
    <groups>
    </groups>
    <test started-at="2022-05-05T22:42:15 AST" name="ParallelTestPixel3" finished-at="2022-05-05T22:42:44 AST" duration-ms="28360">
      <class name="com.qik.qa.test.Test1">
        <test-method is-config="true" signature="setUp(java.lang.String)[pri:0, instance:com.qik.qa.test.Test1@6ce139a4]" started-at="2022-05-05T22:42:15 AST" name="setUp" finished-at="2022-05-05T22:42:34 AST" duration-ms="18365" status="PASS">
          <params>
            <param index="0">
              <value>
                <![CDATA[0]]>
              </value>
            </param>
          </params>
          <reporter-output>
          </reporter-output>
        </test-method> <!-- setUp -->
        <test-method signature="test()[pri:0, instance:com.qik.qa.test.Test1@6ce139a4]" started-at="2022-05-05T22:42:34 AST" name="test" finished-at="2022-05-05T22:42:43 AST" duration-ms="9206" status="PASS">
          <reporter-output>
          </reporter-output>
        </test-method> <!-- test -->
        <test-method is-config="true" signature="tearDown()[pri:0, instance:com.qik.qa.test.Test1@6ce139a4]" started-at="2022-05-05T22:42:43 AST" name="tearDown" finished-at="2022-05-05T22:42:44 AST" duration-ms="756" status="PASS">
          <reporter-output>
          </reporter-output>
        </test-method> <!-- tearDown -->
      </class> <!-- com.qik.qa.test.Test1 -->
    </test> <!-- ParallelTestPixel3 -->
    <test started-at="2022-05-05T22:42:15 AST" name="ParallelTestGalaxy10e" finished-at="2022-05-05T22:42:50 AST" duration-ms="35114">
      <class name="com.qik.qa.test.Test1">
        <test-method is-config="true" signature="setUp(java.lang.String)[pri:0, instance:com.qik.qa.test.Test1@1d119efb]" started-at="2022-05-05T22:42:15 AST" name="setUp" finished-at="2022-05-05T22:42:40 AST" duration-ms="25065" status="PASS">
          <params>
            <param index="0">
              <value>
                <![CDATA[1]]>
              </value>
            </param>
          </params>
          <reporter-output>
          </reporter-output>
        </test-method> <!-- setUp -->
        <test-method signature="test()[pri:0, instance:com.qik.qa.test.Test1@1d119efb]" started-at="2022-05-05T22:42:40 AST" name="test" finished-at="2022-05-05T22:42:50 AST" duration-ms="9417" status="PASS">
          <reporter-output>
          </reporter-output>
        </test-method> <!-- test -->
        <test-method is-config="true" signature="tearDown()[pri:0, instance:com.qik.qa.test.Test1@1d119efb]" started-at="2022-05-05T22:42:50 AST" name="tearDown" finished-at="2022-05-05T22:42:50 AST" duration-ms="604" status="PASS">
          <reporter-output>
          </reporter-output>
        </test-method> <!-- tearDown -->
      </class> <!-- com.qik.qa.test.Test1 -->
    </test> <!-- ParallelTestGalaxy10e -->
    <test started-at="2022-05-05T22:42:44 AST" name="ParallelTestP30" finished-at="2022-05-05T22:43:12 AST" duration-ms="28197">
      <class name="com.qik.qa.test.Test1">
        <test-method is-config="true" signature="setUp(java.lang.String)[pri:0, instance:com.qik.qa.test.Test1@35047d03]" started-at="2022-05-05T22:42:44 AST" name="setUp" finished-at="2022-05-05T22:43:02 AST" duration-ms="18358" status="PASS">
          <params>
            <param index="0">
              <value>
                <![CDATA[2]]>
              </value>
            </param>
          </params>
          <reporter-output>
          </reporter-output>
        </test-method> <!-- setUp -->
        <test-method signature="test()[pri:0, instance:com.qik.qa.test.Test1@35047d03]" started-at="2022-05-05T22:43:02 AST" name="test" finished-at="2022-05-05T22:43:11 AST" duration-ms="9164" status="PASS">
          <reporter-output>
          </reporter-output>
        </test-method> <!-- test -->
        <test-method is-config="true" signature="tearDown()[pri:0, instance:com.qik.qa.test.Test1@35047d03]" started-at="2022-05-05T22:43:11 AST" name="tearDown" finished-at="2022-05-05T22:43:12 AST" duration-ms="673" status="PASS">
          <reporter-output>
          </reporter-output>
        </test-method> <!-- tearDown -->
      </class> <!-- com.qik.qa.test.Test1 -->
    </test> <!-- ParallelTestP30 -->
  </suite> <!-- Parallel -->
</testng-results>
