<?xml version="1.0" encoding="UTF-8"?>
<testng-results ignored="0" total="2" passed="2" failed="0" skipped="0">
  <reporter-output>
  </reporter-output>
  <suite started-at="2022-05-09T10:31:26 AST" name="Parallel" finished-at="2022-05-09T10:32:04 AST" duration-ms="37859">
    <groups>
    </groups>
    <test started-at="2022-05-09T10:31:26 AST" name="ParallelTestP30" finished-at="2022-05-09T10:31:55 AST" duration-ms="28657">
      <class name="com.qik.qa.test.Test1">
        <test-method is-config="true" signature="setUp(java.lang.String)[pri:0, instance:com.qik.qa.test.Test1@1d119efb]" started-at="2022-05-09T10:31:26 AST" name="setUp" finished-at="2022-05-09T10:31:46 AST" duration-ms="20043" status="PASS">
          <params>
            <param index="0">
              <value>
                <![CDATA[2]]>
              </value>
            </param>
          </params>
          <reporter-output>
          </reporter-output>
        </test-method> <!-- setUp -->
        <test-method signature="test()[pri:0, instance:com.qik.qa.test.Test1@1d119efb]" started-at="2022-05-09T10:31:46 AST" name="test" finished-at="2022-05-09T10:31:54 AST" duration-ms="8022" status="PASS">
          <reporter-output>
          </reporter-output>
        </test-method> <!-- test -->
        <test-method is-config="true" signature="tearDown()[pri:0, instance:com.qik.qa.test.Test1@1d119efb]" started-at="2022-05-09T10:31:54 AST" name="tearDown" finished-at="2022-05-09T10:31:55 AST" duration-ms="553" status="PASS">
          <reporter-output>
          </reporter-output>
        </test-method> <!-- tearDown -->
      </class> <!-- com.qik.qa.test.Test1 -->
    </test> <!-- ParallelTestP30 -->
    <test started-at="2022-05-09T10:31:26 AST" name="ParallelTestGalaxy10e" finished-at="2022-05-09T10:32:04 AST" duration-ms="37859">
      <class name="com.qik.qa.test.Test1">
        <test-method is-config="true" signature="setUp(java.lang.String)[pri:0, instance:com.qik.qa.test.Test1@6ce139a4]" started-at="2022-05-09T10:31:26 AST" name="setUp" finished-at="2022-05-09T10:31:53 AST" duration-ms="27210" status="PASS">
          <params>
            <param index="0">
              <value>
                <![CDATA[1]]>
              </value>
            </param>
          </params>
          <reporter-output>
          </reporter-output>
        </test-method> <!-- setUp -->
        <test-method signature="test()[pri:0, instance:com.qik.qa.test.Test1@6ce139a4]" started-at="2022-05-09T10:31:53 AST" name="test" finished-at="2022-05-09T10:32:03 AST" duration-ms="9793" status="PASS">
          <reporter-output>
          </reporter-output>
        </test-method> <!-- test -->
        <test-method is-config="true" signature="tearDown()[pri:0, instance:com.qik.qa.test.Test1@6ce139a4]" started-at="2022-05-09T10:32:03 AST" name="tearDown" finished-at="2022-05-09T10:32:04 AST" duration-ms="823" status="PASS">
          <reporter-output>
          </reporter-output>
        </test-method> <!-- tearDown -->
      </class> <!-- com.qik.qa.test.Test1 -->
    </test> <!-- ParallelTestGalaxy10e -->
  </suite> <!-- Parallel -->
</testng-results>
